Copyright 1986-2016 Xilinx, Inc. All Rights Reserved.
---------------------------------------------------------------------------------------------------------------------
| Tool Version : Vivado v.2016.4 (lin64) Build 1756540 Mon Jan 23 19:11:19 MST 2017
| Date         : Thu Sep 30 19:00:21 2021
| Host         : kamek.ece.utexas.edu running 64-bit CentOS Linux release 7.9.2009 (Core)
| Command      : report_methodology -file decoder_methodology_drc_routed.rpt -rpx decoder_methodology_drc_routed.rpx
| Design       : decoder
| Device       : xc7a35tcpg236-1
| Speed File   : -1
| Design State : Routed
---------------------------------------------------------------------------------------------------------------------

Report Methodology

Table of Contents
-----------------
1. REPORT SUMMARY
2. REPORT DETAILS

1. REPORT SUMMARY
-----------------
            Netlist: netlist
          Floorplan: design_1
      Design limits: <entire design considered>
             Max violations: <unlimited>
             Violations found: 1
+--------+----------+-------------------------------------------------+------------+
| Rule   | Severity | Description                                     | Violations |
+--------+----------+-------------------------------------------------+------------+
| XDCC-5 | Warning  | User Non-Timing constraint/property overwritten | 1          |
+--------+----------+-------------------------------------------------+------------+

2. REPORT DETAILS
-----------------
XDCC-5#1 Warning
User Non-Timing constraint/property overwritten  
A new XDC property PACKAGE_PIN on a overrides a previous user property.
New Source: /home/ecelrc/students/ooke/Desktop/Lab_3/DecoderConstraints.xdc (Line: 17)
Previous Source: /home/ecelrc/students/ooke/Desktop/Lab_3/Lab_3.srcs/constrs_1/imports/Lab_3/Basys3_Master.xdc (Line: 19)
Related violations: <none>


